生成启动时间为 2015/10/28 20:48:12。
     1>项目“C:\Users\jerry\Desktop\cloudletcode\cloudletcode\simulation2\simulation2.vcxproj”在节点 2 上(Build 个目标)。
     1>ClCompile:
         C:\Program Files (x86)\Microsoft Visual Studio 12.0\VC\bin\CL.exe /c /ZI /nologo /W3 /WX- /sdl /Od /Oy- /D _MBCS /Gm /EHsc /RTC1 /MDd /GS /fp:precise /Zc:wchar_t /Zc:forScope /Fo"Debug\\" /Fd"Debug\vc120.pdb" /Gd /TP /analyze- /errorReport:prompt schedule.cpp
         schedule.cpp
     1>c:\users\jerry\desktop\cloudletcode\cloudletcode\simulation2\myrandom.h(10): warning C4244: “参数”: 从“time_t”转换到“unsigned int”，可能丢失数据
     1>c:\users\jerry\desktop\cloudletcode\cloudletcode\simulation2\schedule.cpp(145): warning C4244: “=”: 从“double”转换到“int”，可能丢失数据
     1>c:\users\jerry\desktop\cloudletcode\cloudletcode\simulation2\schedule.cpp(170): warning C4244: “=”: 从“double”转换到“int”，可能丢失数据
     1>c:\users\jerry\desktop\cloudletcode\cloudletcode\simulation2\schedule.cpp(307): warning C4018: “<”: 有符号/无符号不匹配
     1>c:\users\jerry\desktop\cloudletcode\cloudletcode\simulation2\schedule.cpp(322): warning C4018: “<”: 有符号/无符号不匹配
     1>c:\users\jerry\desktop\cloudletcode\cloudletcode\simulation2\schedule.cpp(337): warning C4018: “<”: 有符号/无符号不匹配
     1>c:\users\jerry\desktop\cloudletcode\cloudletcode\simulation2\schedule.cpp(349): warning C4018: “<”: 有符号/无符号不匹配
     1>c:\users\jerry\desktop\cloudletcode\cloudletcode\simulation2\schedule.cpp(379): warning C4018: “<”: 有符号/无符号不匹配
     1>c:\users\jerry\desktop\cloudletcode\cloudletcode\simulation2\schedule.cpp(386): warning C4018: “<”: 有符号/无符号不匹配
     1>c:\users\jerry\desktop\cloudletcode\cloudletcode\simulation2\schedule.cpp(502): warning C4018: “<”: 有符号/无符号不匹配
     1>c:\users\jerry\desktop\cloudletcode\cloudletcode\simulation2\schedule.cpp(506): warning C4244: “=”: 从“double”转换到“int”，可能丢失数据
     1>c:\users\jerry\desktop\cloudletcode\cloudletcode\simulation2\schedule.cpp(510): warning C4018: “<”: 有符号/无符号不匹配
     1>c:\users\jerry\desktop\cloudletcode\cloudletcode\simulation2\schedule.cpp(448): warning C4101: “id”: 未引用的局部变量
     1>c:\users\jerry\desktop\cloudletcode\cloudletcode\simulation2\schedule.cpp(200): warning C4715: “getcloudlet”: 不是所有的控件路径都返回值
     1>c:\users\jerry\desktop\cloudletcode\cloudletcode\simulation2\schedule.cpp(211): warning C4715: “getmobiledevice”: 不是所有的控件路径都返回值
       Link:
         C:\Program Files (x86)\Microsoft Visual Studio 12.0\VC\bin\link.exe /ERRORREPORT:PROMPT /OUT:"C:\Users\jerry\Desktop\cloudletcode\cloudletcode\Debug\simulation2.exe" /INCREMENTAL /NOLOGO kernel32.lib user32.lib gdi32.lib winspool.lib comdlg32.lib advapi32.lib shell32.lib ole32.lib oleaut32.lib uuid.lib odbc32.lib odbccp32.lib /MANIFEST /MANIFESTUAC:"level='asInvoker' uiAccess='false'" /manifest:embed /DEBUG /PDB:"C:\Users\jerry\Desktop\cloudletcode\cloudletcode\Debug\simulation2.pdb" /HEAP:"10000000000" /TLBID:1 /DYNAMICBASE /NXCOMPAT /IMPLIB:"C:\Users\jerry\Desktop\cloudletcode\cloudletcode\Debug\simulation2.lib" /MACHINE:X86 Debug\simulation2.res
         Debug\maincontrol.obj
         Debug\schedule.obj
         simulation2.vcxproj -> C:\Users\jerry\Desktop\cloudletcode\cloudletcode\Debug\simulation2.exe
     1>已完成生成项目“C:\Users\jerry\Desktop\cloudletcode\cloudletcode\simulation2\simulation2.vcxproj”(Build 个目标)的操作。

生成成功。

已用时间 00:00:01.30
